<?xml version="1.0" encoding="UTF-8"?>
<!-- Generated by org.testng.reporters.JUnitReportReporter -->
<testsuite hostname="TESTWKS22" name="com.task.testcase.SelectDraftTestCase" tests="1" failures="0" timestamp="25 Jun 2020 10:17:49 GMT" time="15.742" errors="0">
  <testcase name="login" time="15.742" classname="com.task.testcase.SelectDraftTestCase"/>
</testsuite> <!-- com.task.testcase.SelectDraftTestCase -->
