<?xml version="1.0" encoding="UTF-8"?>
<!-- Generated by org.testng.reporters.JUnitReportReporter -->
<testsuite hostname="TESTWKS22" name="com.task.testcase.SheetLoginTestCase" tests="1" failures="0" timestamp="22 Jan 2019 10:12:45 GMT" time="47.374" errors="0">
  <testcase name="login" time="47.374" classname="com.task.testcase.SheetLoginTestCase"/>
</testsuite> <!-- com.task.testcase.SheetLoginTestCase -->
